<?xml version="1.0" encoding="UTF-8"?>
<!-- Generated by org.testng.reporters.JUnitReportReporter -->
<testsuite hostname="vivekRanjan" failures="0" tests="1" name="tests.LogoutTest" time="31.189" errors="0" timestamp="2025-07-29T16:47:03 IST" skipped="0">
  <testcase classname="tests.LogoutTest" name="testLogout" time="31.189"/>
  <system-out/>
</testsuite> <!-- tests.LogoutTest -->
