<?xml version="1.0" encoding="UTF-8"?>
<!-- Generated by org.testng.reporters.JUnitReportReporter -->
<testsuite hostname="vivekRanjan" failures="0" tests="1" name="automationexercise.LaunchWebsiteTest" time="15.679" errors="0" timestamp="2025-07-28T23:05:41 IST" skipped="0">
  <testcase classname="automationexercise.LaunchWebsiteTest" name="openHomePage" time="15.679"/>
  <system-out/>
</testsuite> <!-- automationexercise.LaunchWebsiteTest -->
