<?xml version="1.0" encoding="UTF-8"?>
<!-- Generated by org.testng.reporters.JUnitReportReporter -->
<testsuite hostname="vivekRanjan" failures="0" tests="1" name="tests.LoginTest" time="34.942" errors="0" timestamp="2025-07-29T16:44:01 IST" skipped="0">
  <testcase classname="tests.LoginTest" name="testValidLogin" time="34.942"/>
  <system-out/>
</testsuite> <!-- tests.LoginTest -->
