<?xml version="1.0" encoding="UTF-8"?>
<!-- Generated by org.testng.reporters.JUnitReportReporter -->
<testsuite hostname="vivekRanjan" failures="0" tests="1" name="automationexercise.CheckoutFlowTest" time="55.269" errors="0" timestamp="2025-07-29T14:42:32 IST" skipped="0">
  <testcase classname="automationexercise.CheckoutFlowTest" name="completeCheckoutFlow" time="55.269"/>
  <system-out/>
</testsuite> <!-- automationexercise.CheckoutFlowTest -->
