<?xml version="1.0" encoding="UTF-8"?>
<!-- Generated by org.testng.reporters.JUnitReportReporter -->
<testsuite hostname="vivekRanjan" failures="0" tests="1" name="automationexercise.LoginTest" time="147.472" errors="0" timestamp="2025-07-28T22:29:53 IST" skipped="0">
  <testcase classname="automationexercise.LoginTest" name="testLogin" time="147.472"/>
  <system-out/>
</testsuite> <!-- automationexercise.LoginTest -->
